INFO     ℹ️:polyfix.layout.main.plan:summarize_graph_list:85 | {} | [                                                                                                                                       
             {('living_kitchen_hall-east_0', 'bath_1-west_0'): 8.0},                                                                                                                                       
             {('living_kitchen_hall-east_2', 'closet-west_0'): 257.0},                                                                                                                                     
             {('living_kitchen_hall-east_2', 'bedroom_1-west_0'): 6.0},                                                                                                                                    
             {('bath_1-east_0', 'laundry-west_0'): 13.0},                                                                                                                                                  
             {('bath_1-east_0', 'prim_bath-west_0'): 7.0},                                                                                                                                                 
             {('prim_bath-east_0', 'prim_bed-west_0'): 14.0},                                                                                                                                              
             {('laundry-east_0', 'prim_bed-west_0'): 9.0},                                                                                                                                                 
             {('bedroom_1-east_0', 'bedroom_2-west_0'): 6.0},                                                                                                                                              
             {('living_kitchen_hall-east_1', 'closet-west_0'): 8.0}                                                                                                                                        
         ]                                                                                                                                                                                                 
DEBUG    🐞:polyfix.layout.main.plan:handle_edge:69 | {} | living_kitchen_hall-east_0:(191.00, -288.08) --- bath_1-west_0:(199.00, -291.00) -- True                                                        
DEBUG    🐞:polyfix.layout.main.plan:handle_edge:69 | {} | living_kitchen_hall-east_2:(257.00, -77.50) --- closet-west_0:(514.00, -178.50) -- False                                                        
DEBUG    🐞:polyfix.layout.main.plan:handle_edge:69 | {} | living_kitchen_hall-east_2:(257.00, -77.50) --- bedroom_1-west_0:(263.00, -71.00) -- True                                                       
DEBUG    🐞:polyfix.layout.main.plan:handle_edge:69 | {} | bath_1-east_0:(274.00, -291.00) --- laundry-west_0:(287.00, -237.00) -- True                                                                    
DEBUG    🐞:polyfix.layout.main.plan:handle_edge:69 | {} | bath_1-east_0:(274.00, -291.00) --- prim_bath-west_0:(281.00, -319.50) -- True                                                                  
DEBUG    🐞:polyfix.layout.main.plan:handle_edge:69 | {} | prim_bath-east_0:(409.00, -319.50) --- prim_bed-west_0:(423.00, -291.00) -- True                                                                
DEBUG    🐞:polyfix.layout.main.plan:handle_edge:69 | {} | laundry-east_0:(414.00, -237.00) --- prim_bed-west_0:(423.00, -291.00) -- True                                                                  
DEBUG    🐞:polyfix.layout.main.plan:handle_edge:69 | {} | bedroom_1-east_0:(445.00, -71.00) --- bedroom_2-west_0:(451.00, -71.00) -- True                                                                 
DEBUG    🐞:polyfix.layout.main.plan:handle_edge:69 | {} | living_kitchen_hall-east_1:(506.00, -182.58) --- closet-west_0:(514.00, -178.50) -- True                                                        
INFO     ℹ️:polyfix.layout.main.plan:filter_intersections:77 | {} | Found invalid_edges: [('living_kitchen_hall-east_2', 'closet-west_0')]                                                                  
INFO     ℹ️:polyfix.layout.viz:collect_node_edges:37 | {} | {                                                                                                                                               
             ('living_kitchen_hall-east_0', 'bath_1-west_0'): 0,                                                                                                                                           
             ('living_kitchen_hall-east_2', 'bedroom_1-west_0'): 1,                                                                                                                                        
             ('bath_1-east_0', 'laundry-west_0'): 2,                                                                                                                                                       
             ('bath_1-east_0', 'prim_bath-west_0'): 3,                                                                                                                                                     
             ('prim_bath-east_0', 'prim_bed-west_0'): 4,                                                                                                                                                   
             ('laundry-east_0', 'prim_bed-west_0'): 5,                                                                                                                                                     
             ('bedroom_1-east_0', 'bedroom_2-west_0'): 6,                                                                                                                                                  
             ('living_kitchen_hall-east_1', 'closet-west_0'): 7                                                                                                                                            
         }                                                                                                                                                                                                 
INFO     ℹ️:polyfix.layout.main.move:try_moves:121 | {} | roots=['living_kitchen_hall-east_0', 'living_kitchen_hall-east_2', 'bath_1-east_0', 'prim_bath-east_0', 'laundry-east_0', 'bedroom_1-east_0',     
         'living_kitchen_hall-east_1']                                                                                                                                                                     
DEBUG    🐞:polyfix.layout.main.move:try_moves:126 | {} |                                                                                                                                                  
         root:LIVING_KITCHEN_HALL-EAST_0.                                                                                                                                                                  
         [{('living_kitchen_hall-east_0', 'bath_1-west_0'): 8.0}]                                                                                                                                          
                                                                                                                                                                                                           
DEBUG    🐞:polyfix.layout.main.move:try_moves:133 | {} | Moving living_kitchen_hall-east_0 by 8.0 to bath_1-west_0                                                                                        
TRACE    ✏️:polyfix.layout.main.move:study_polygon_changes:43 | {} | living_kitchen_hall has changed!                                                                                                       
SUCCESS  ✅:polyfix.geometry.modify.validate:validate_layout_overlaps:173 | {} | No overlaps in the layout                                                                                                 
DEBUG    🐞:polyfix.layout.main.move:try_moves:126 | {} |                                                                                                                                                  
         root:LIVING_KITCHEN_HALL-EAST_2.                                                                                                                                                                  
         [{('living_kitchen_hall-east_2', 'bedroom_1-west_0'): 6.0}]                                                                                                                                       
                                                                                                                                                                                                           
DEBUG    🐞:polyfix.layout.main.move:try_moves:133 | {} | Moving living_kitchen_hall-east_2 by 6.0 to bedroom_1-west_0                                                                                     
TRACE    ✏️:polyfix.layout.main.move:study_polygon_changes:43 | {} | living_kitchen_hall has changed!                                                                                                       
SUCCESS  ✅:polyfix.geometry.modify.validate:validate_layout_overlaps:173 | {} | No overlaps in the layout                                                                                                 
DEBUG    🐞:polyfix.layout.main.move:try_moves:126 | {} |                                                                                                                                                  
         root:BATH_1-EAST_0.                                                                                                                                                                               
         [                                                                                                                                                                                                 
             {('laundry-west_0', 'bath_1-east_0'): -6.0},                                                                                                                                                  
             {('bath_1-east_0', 'prim_bath-west_0'): 7.0}                                                                                                                                                  
         ]                                                                                                                                                                                                 
                                                                                                                                                                                                           
DEBUG    🐞:polyfix.layout.main.move:try_moves:133 | {} | Moving laundry-west_0 by -6.0 to bath_1-east_0                                                                                                   
TRACE    ✏️:polyfix.layout.main.move:study_polygon_changes:43 | {} | laundry has changed!                                                                                                                   
SUCCESS  ✅:polyfix.geometry.modify.validate:validate_layout_overlaps:173 | {} | No overlaps in the layout                                                                                                 
DEBUG    🐞:polyfix.layout.main.move:try_moves:133 | {} | Moving bath_1-east_0 by 7.0 to prim_bath-west_0                                                                                                  
TRACE    ✏️:polyfix.layout.main.move:study_polygon_changes:43 | {} | bath_1 has changed!                                                                                                                    
SUCCESS  ✅:polyfix.geometry.modify.validate:validate_layout_overlaps:173 | {} | No overlaps in the layout                                                                                                 
DEBUG    🐞:polyfix.layout.main.move:try_moves:126 | {} |                                                                                                                                                  
         root:PRIM_BATH-EAST_0.                                                                                                                                                                            
         [{('prim_bath-east_0', 'prim_bed-west_0'): 14.0}]                                                                                                                                                 
                                                                                                                                                                                                           
DEBUG    🐞:polyfix.layout.main.move:try_moves:133 | {} | Moving prim_bath-east_0 by 14.0 to prim_bed-west_0                                                                                               
TRACE    ✏️:polyfix.layout.main.move:study_polygon_changes:43 | {} | prim_bath has changed!                                                                                                                 
SUCCESS  ✅:polyfix.geometry.modify.validate:validate_layout_overlaps:173 | {} | No overlaps in the layout                                                                                                 
DEBUG    🐞:polyfix.layout.main.move:try_moves:126 | {} |                                                                                                                                                  
         root:LAUNDRY-EAST_0.                                                                                                                                                                              
         [{('laundry-east_0', 'prim_bed-west_0'): 9.0}]                                                                                                                                                    
                                                                                                                                                                                                           
DEBUG    🐞:polyfix.layout.main.move:try_moves:133 | {} | Moving laundry-east_0 by 9.0 to prim_bed-west_0                                                                                                  
TRACE    ✏️:polyfix.layout.main.move:study_polygon_changes:43 | {} | laundry has changed!                                                                                                                   
SUCCESS  ✅:polyfix.geometry.modify.validate:validate_layout_overlaps:173 | {} | No overlaps in the layout                                                                                                 
DEBUG    🐞:polyfix.layout.main.move:try_moves:126 | {} |                                                                                                                                                  
         root:BEDROOM_1-EAST_0.                                                                                                                                                                            
         [{('bedroom_1-east_0', 'bedroom_2-west_0'): 6.0}]                                                                                                                                                 
                                                                                                                                                                                                           
DEBUG    🐞:polyfix.layout.main.move:try_moves:133 | {} | Moving bedroom_1-east_0 by 6.0 to bedroom_2-west_0                                                                                               
TRACE    ✏️:polyfix.layout.main.move:study_polygon_changes:43 | {} | bedroom_1 has changed!                                                                                                                 
SUCCESS  ✅:polyfix.geometry.modify.validate:validate_layout_overlaps:173 | {} | No overlaps in the layout                                                                                                 
DEBUG    🐞:polyfix.layout.main.move:try_moves:126 | {} |                                                                                                                                                  
         root:LIVING_KITCHEN_HALL-EAST_1.                                                                                                                                                                  
         [{('living_kitchen_hall-east_1', 'closet-west_0'): 8.0}]                                                                                                                                          
                                                                                                                                                                                                           
DEBUG    🐞:polyfix.layout.main.move:try_moves:133 | {} | Moving living_kitchen_hall-east_1 by 8.0 to closet-west_0                                                                                        
TRACE    ✏️:polyfix.layout.main.move:study_polygon_changes:43 | {} | living_kitchen_hall has changed!                                                                                                       
SUCCESS  ✅:polyfix.geometry.modify.validate:validate_layout_overlaps:173 | {} | No overlaps in the layout                                                                                                 
SUCCESS  ✅:polyfix.geometry.modify.validate:validate_layout_overlaps:173 | {} | No overlaps in the layout                                                                                                 
INFO     ℹ️:polyfix.layout.main.plan:summarize_graph_list:85 | {} | [                                                                                                                                       
             {('prim_bath-north_0', 'laundry-south_0'): 15.0},                                                                                                                                             
             {('prim_bed-north_0', 'living_kitchen_hall-south_1'): 5.8300000000000125},                                                                                                                    
             {('bath_1-north_0', 'living_kitchen_hall-south_1'): 5.8300000000000125},                                                                                                                      
             {('laundry-north_0', 'living_kitchen_hall-south_1'): 5.8300000000000125},                                                                                                                     
             {('living_kitchen_hall-north_1', 'bedroom_2-south_0'): 13.0},                                                                                                                                 
             {('closet-north_0', 'bedroom_2-south_0'): 5.0}                                                                                                                                                
         ]                                                                                                                                                                                                 
DEBUG    🐞:polyfix.layout.main.plan:handle_edge:69 | {} | prim_bath-north_0:(352.00, -273.00) --- laundry-south_0:(352.00, -258.00) -- True                                                               
DEBUG    🐞:polyfix.layout.main.plan:handle_edge:69 | {} | prim_bed-north_0:(519.00, -216.00) --- living_kitchen_hall-south_1:(356.50, -210.17) -- True                                                    
DEBUG    🐞:polyfix.layout.main.plan:handle_edge:69 | {} | bath_1-north_0:(240.00, -216.00) --- living_kitchen_hall-south_1:(356.50, -210.17) -- True                                                      
DEBUG    🐞:polyfix.layout.main.plan:handle_edge:69 | {} | laundry-north_0:(352.00, -216.00) --- living_kitchen_hall-south_1:(356.50, -210.17) -- True                                                     
DEBUG    🐞:polyfix.layout.main.plan:handle_edge:69 | {} | living_kitchen_hall-north_1:(388.50, -155.00) --- bedroom_2-south_0:(533.00, -142.00) -- True                                                   
DEBUG    🐞:polyfix.layout.main.plan:handle_edge:69 | {} | closet-north_0:(564.50, -147.00) --- bedroom_2-south_0:(533.00, -142.00) -- True                                                                
INFO     ℹ️:polyfix.layout.main.plan:filter_intersections:77 | {} | Found invalid_edges: []                                                                                                                 
INFO     ℹ️:polyfix.layout.viz:collect_node_edges:37 | {} | {                                                                                                                                               
             ('bath_1-north_0', 'living_kitchen_hall-south_1'): 0,                                                                                                                                         
             ('prim_bath-north_0', 'laundry-south_0'): 1,                                                                                                                                                  
             ('laundry-north_0', 'living_kitchen_hall-south_1'): 2,                                                                                                                                        
             ('prim_bed-north_0', 'living_kitchen_hall-south_1'): 3,                                                                                                                                       
             ('living_kitchen_hall-north_1', 'bedroom_2-south_0'): 4,                                                                                                                                      
             ('closet-north_0', 'bedroom_2-south_0'): 5                                                                                                                                                    
         }                                                                                                                                                                                                 
INFO     ℹ️:polyfix.layout.main.move:try_moves:121 | {} | roots=['prim_bath-north_0', 'bath_1-north_0', 'laundry-north_0', 'prim_bed-north_0', 'living_kitchen_hall-north_1', 'closet-north_0']             
DEBUG    🐞:polyfix.layout.main.move:try_moves:126 | {} |                                                                                                                                                  
         root:PRIM_BATH-NORTH_0.                                                                                                                                                                           
         [{('prim_bath-north_0', 'laundry-south_0'): 15.0}]                                                                                                                                                
                                                                                                                                                                                                           
DEBUG    🐞:polyfix.layout.main.move:try_moves:133 | {} | Moving prim_bath-north_0 by 15.0 to laundry-south_0                                                                                              
TRACE    ✏️:polyfix.layout.main.move:study_polygon_changes:43 | {} | prim_bath has changed!                                                                                                                 
SUCCESS  ✅:polyfix.geometry.modify.validate:validate_layout_overlaps:173 | {} | No overlaps in the layout                                                                                                 
DEBUG    🐞:polyfix.layout.main.move:try_moves:126 | {} |                                                                                                                                                  
         root:BATH_1-NORTH_0.                                                                                                                                                                              
         [{('bath_1-north_0', 'living_kitchen_hall-south_1'): 5.8300000000000125}]                                                                                                                         
                                                                                                                                                                                                           
DEBUG    🐞:polyfix.layout.main.move:try_moves:133 | {} | Moving bath_1-north_0 by 5.8300000000000125 to living_kitchen_hall-south_1                                                                       
TRACE    ✏️:polyfix.layout.main.move:study_polygon_changes:43 | {} | bath_1 has changed!                                                                                                                    
SUCCESS  ✅:polyfix.geometry.modify.validate:validate_layout_overlaps:173 | {} | No overlaps in the layout                                                                                                 
DEBUG    🐞:polyfix.layout.main.move:try_moves:126 | {} |                                                                                                                                                  
         root:LAUNDRY-NORTH_0.                                                                                                                                                                             
         [{('laundry-north_0', 'living_kitchen_hall-south_1'): 5.8300000000000125}]                                                                                                                        
                                                                                                                                                                                                           
DEBUG    🐞:polyfix.layout.main.move:try_moves:133 | {} | Moving laundry-north_0 by 5.8300000000000125 to living_kitchen_hall-south_1                                                                      
TRACE    ✏️:polyfix.layout.main.move:study_polygon_changes:43 | {} | laundry has changed!                                                                                                                   
SUCCESS  ✅:polyfix.geometry.modify.validate:validate_layout_overlaps:173 | {} | No overlaps in the layout                                                                                                 
DEBUG    🐞:polyfix.layout.main.move:try_moves:126 | {} |                                                                                                                                                  
         root:PRIM_BED-NORTH_0.                                                                                                                                                                            
         [{('prim_bed-north_0', 'living_kitchen_hall-south_1'): 5.8300000000000125}]                                                                                                                       
                                                                                                                                                                                                           
DEBUG    🐞:polyfix.layout.main.move:try_moves:133 | {} | Moving prim_bed-north_0 by 5.8300000000000125 to living_kitchen_hall-south_1                                                                     
TRACE    ✏️:polyfix.layout.main.move:study_polygon_changes:43 | {} | prim_bed has changed!                                                                                                                  
SUCCESS  ✅:polyfix.geometry.modify.validate:validate_layout_overlaps:173 | {} | No overlaps in the layout                                                                                                 
DEBUG    🐞:polyfix.layout.main.move:try_moves:126 | {} |                                                                                                                                                  
         root:LIVING_KITCHEN_HALL-NORTH_1.                                                                                                                                                                 
         [{('living_kitchen_hall-north_1', 'bedroom_2-south_0'): 13.0}]                                                                                                                                    
                                                                                                                                                                                                           
DEBUG    🐞:polyfix.layout.main.move:try_moves:133 | {} | Moving living_kitchen_hall-north_1 by 13.0 to bedroom_2-south_0                                                                                  
TRACE    ✏️:polyfix.layout.main.move:study_polygon_changes:43 | {} | living_kitchen_hall has changed!                                                                                                       
SUCCESS  ✅:polyfix.geometry.modify.validate:validate_layout_overlaps:173 | {} | No overlaps in the layout                                                                                                 
DEBUG    🐞:polyfix.layout.main.move:try_moves:126 | {} |                                                                                                                                                  
         root:CLOSET-NORTH_0.                                                                                                                                                                              
         [{('closet-north_0', 'bedroom_2-south_0'): 5.0}]                                                                                                                                                  
                                                                                                                                                                                                           
DEBUG    🐞:polyfix.layout.main.move:try_moves:133 | {} | Moving closet-north_0 by 5.0 to bedroom_2-south_0                                                                                                
TRACE    ✏️:polyfix.layout.main.move:study_polygon_changes:43 | {} | closet has changed!                                                                                                                    
SUCCESS  ✅:polyfix.geometry.modify.validate:validate_layout_overlaps:173 | {} | No overlaps in the layout                                                                                                 
SUCCESS  ✅:polyfix.geometry.modify.validate:validate_layout_overlaps:173 | {} | No overlaps in the layout                                                                                                 
DEBUG    🐞:polyfix.cli.studies.svgs.main:fc:27 | {} | {'living_kitchen_hall': ['closet', 'bedroom_2'], 'bath_1': ['laundry', 'prim_bath', 'living_kitchen_hall'], 'prim_bath': ['prim_bed', 'laundry'],   
         'laundry': ['prim_bed', 'living_kitchen_hall'], 'bedroom_1': ['bedroom_2'], 'prim_bed': ['living_kitchen_hall'], 'closet': ['bedroom_2']}                                                         
